#
# A fatal error has been detected by the Java Runtime Environment:
#
#  Internal Error (./open/src/hotspot/share/oops/generateOopMap.cpp:2164), pid=4508, tid=9816
#  fatal error: Illegal class file encountered. Try running with -Xverify:all in method SelectStoredRegionName
#
# JRE version: Java(TM) SE Runtime Environment 18.9 (11.0.10+8) (build 11.0.10+8-LTS-162)
# Java VM: Java HotSpot(TM) 64-Bit Server VM 18.9 (11.0.10+8-LTS-162, mixed mode, tiered, compressed oops, g1 gc, windows-amd64)
# No core dump will be written. Minidumps are not enabled by default on client versions of Windows
#
# If you would like to submit a bug report, please visit:
#   https://bugreport.java.com/bugreport/crash.jsp
#

---------------  S U M M A R Y ------------

Command Line: -agentlib:jdwp=transport=dt_socket,suspend=y,address=localhost:51395 -ea -javaagent:C:\Users\sumit.soni\eclipse\java-2021-03\eclipse\configuration\org.eclipse.osgi\222\0\.cp\lib\javaagent-shaded.jar -Dfile.encoding=UTF-8 org.eclipse.jdt.internal.junit.runner.RemoteTestRunner -version 3 -port 51394 -testLoaderClass org.eclipse.jdt.internal.junit4.runner.JUnit4TestLoader -loaderpluginname org.eclipse.jdt.junit4.runtime -classNames com.BlueBird.Runner.SequentialRunnerTest

Host: Intel(R) Core(TM) i5-7400 CPU @ 3.00GHz, 4 cores, 7G,  Windows 10 , 64 bit Build 19041 (10.0.19041.804)
Time: Mon Apr  5 12:56:56 2021 India Standard Time elapsed time: 1185.932605 seconds (0d 0h 19m 45s)

---------------  T H R E A D  ---------------

Current thread (0x0000028e7e5bd000):  VMThread "VM Thread" [stack: 0x000000d00fd00000,0x000000d00fe00000] [id=9816]

Stack: [0x000000d00fd00000,0x000000d00fe00000]
[error occurred during error reporting (printing stack bounds), id 0xc0000005, EXCEPTION_ACCESS_VIOLATION (0xc0000005) at pc=0x0000028e00000f2d]

Native frames: (J=compiled Java code, j=interpreted, Vv=VM code, C=native code)
V  [jvm.dll+0x613e6a]
V  [jvm.dll+0x74c1ff]
V  [jvm.dll+0x74d885]
V  [jvm.dll+0x74de65]
V  [jvm.dll+0x74de1b]
V  [jvm.dll+0x6136a3]
V  [jvm.dll+0x613a68]
C  [ntdll.dll+0xa1f6f]
C  [ntdll.dll+0x51454]
C  [ntdll.dll+0xa0a9e]
C  0x0000028e00000f2d

VM_Operation (0x000000d0107ff200): GetOrSetLocal, mode: safepoint, requested by thread 0x0000028e7f399000


---------------  P R O C E S S  ---------------

Threads class SMR info:
_java_thread_list=0x0000028e144d3830, length=17, elements={
0x0000028e7114e000, 0x0000028e7e5c1000, 0x0000028e7e5ea000, 0x0000028e7ef62800,
0x0000028e7e5f4000, 0x0000028e7e5f5000, 0x0000028e7e607000, 0x0000028e7e618000,
0x0000028e7f0c6000, 0x0000028e7f399000, 0x0000028e7f39a000, 0x0000028e7f14b000,
0x0000028e7f78f800, 0x0000028e7f888000, 0x0000028e7f888800, 0x0000028e7f889800,
0x0000028e7f88a800
}

Java Threads: ( => current thread )
  0x0000028e7114e000 JavaThread "main" [_thread_blocked, id=5776, stack(0x000000d00f700000,0x000000d00f800000)]
  0x0000028e7e5c1000 JavaThread "Reference Handler" daemon [_thread_blocked, id=5556, stack(0x000000d00fe00000,0x000000d00ff00000)]
  0x0000028e7e5ea000 JavaThread "Finalizer" daemon [_thread_blocked, id=7400, stack(0x000000d00ff00000,0x000000d010000000)]
  0x0000028e7ef62800 JavaThread "Signal Dispatcher" daemon [_thread_blocked, id=13132, stack(0x000000d010000000,0x000000d010100000)]
  0x0000028e7e5f4000 JavaThread "Attach Listener" daemon [_thread_blocked, id=11968, stack(0x000000d010100000,0x000000d010200000)]
  0x0000028e7e5f5000 JavaThread "C2 CompilerThread0" daemon [_thread_blocked, id=10972, stack(0x000000d010200000,0x000000d010300000)]
  0x0000028e7e607000 JavaThread "C1 CompilerThread0" daemon [_thread_blocked, id=12596, stack(0x000000d010300000,0x000000d010400000)]
  0x0000028e7e618000 JavaThread "Sweeper thread" daemon [_thread_blocked, id=4984, stack(0x000000d010400000,0x000000d010500000)]
  0x0000028e7f0c6000 JavaThread "Common-Cleaner" daemon [_thread_blocked, id=12340, stack(0x000000d010500000,0x000000d010600000)]
  0x0000028e7f399000 JavaThread "JDWP Transport Listener: dt_socket" daemon [_thread_blocked, id=7424, stack(0x000000d010700000,0x000000d010800000)] _threads_hazard_ptr=0x0000028e144d3830
  0x0000028e7f39a000 JavaThread "JDWP Event Helper Thread" daemon [_thread_blocked, id=13208, stack(0x000000d010800000,0x000000d010900000)]
  0x0000028e7f14b000 JavaThread "JDWP Command Reader" daemon [_thread_in_native, id=11392, stack(0x000000d010900000,0x000000d010a00000)]
  0x0000028e7f78f800 JavaThread "Service Thread" daemon [_thread_blocked, id=11908, stack(0x000000d010600000,0x000000d010700000)]
  0x0000028e7f888000 JavaThread "ReaderThread" [_thread_in_native, id=10732, stack(0x000000d010c00000,0x000000d010d00000)]
  0x0000028e7f888800 JavaThread "Exec Default Executor" daemon [_thread_in_native, id=6080, stack(0x000000d011000000,0x000000d011100000)]
  0x0000028e7f889800 JavaThread "Exec Stream Pumper" daemon [_thread_in_native, id=12804, stack(0x000000d011300000,0x000000d011400000)]
  0x0000028e7f88a800 JavaThread "Exec Stream Pumper" daemon [_thread_in_native, id=12132, stack(0x000000d011400000,0x000000d011500000)]

Other Threads:
=>0x0000028e7e5bd000 VMThread "VM Thread" [stack: 0x000000d00fd00000,0x000000d00fe00000] [id=9816]
  0x0000028e7f790000 WatcherThread [stack: 0x000000d010a00000,0x000000d010b00000] [id=11028]
  0x0000028e71166000 GCTaskThread "GC Thread#0" [stack: 0x000000d00f800000,0x000000d00f900000] [id=12436]
  0x0000028e7f7db000 GCTaskThread "GC Thread#1" [stack: 0x000000d010d00000,0x000000d010e00000] [id=13216]
  0x0000028e7f78e800 GCTaskThread "GC Thread#2" [stack: 0x000000d010e00000,0x000000d010f00000] [id=12136]
  0x0000028e112f9800 GCTaskThread "GC Thread#3" [stack: 0x000000d010f00000,0x000000d011000000] [id=2752]
  0x0000028e71193000 ConcurrentGCThread "G1 Main Marker" [stack: 0x000000d00f900000,0x000000d00fa00000] [id=5536]
  0x0000028e71195800 ConcurrentGCThread "G1 Conc#0" [stack: 0x000000d00fa00000,0x000000d00fb00000] [id=12568]
  0x0000028e7e430800 ConcurrentGCThread "G1 Refine#0" [stack: 0x000000d00fb00000,0x000000d00fc00000] [id=2408]
  0x0000028e7e431000 ConcurrentGCThread "G1 Young RemSet Sampling" [stack: 0x000000d00fc00000,0x000000d00fd00000] [id=11296]

Threads with active compile tasks:

VM state:at safepoint (normal execution)

VM Mutex/Monitor currently owned by a thread:  ([mutex/lock_event])
[0x0000028e7114a120] Threads_lock - owner thread: 0x0000028e7e5bd000

Heap address: 0x0000000081c00000, size: 2020 MB, Compressed Oops mode: 32-bit
Narrow klass base: 0x0000000000000000, Narrow klass shift: 3
Compressed class space size: 1073741824 Address: 0x0000000100000000

Heap:
 garbage-first heap   total 131072K, used 48375K [0x0000000081c00000, 0x0000000100000000)
  region size 1024K, 44 young (45056K), 6 survivors (6144K)
 Metaspace       used 28841K, capacity 29359K, committed 29440K, reserved 1075200K
  class space    used 3352K, capacity 3531K, committed 3584K, reserved 1048576K
Heap Regions: E=young(eden), S=young(survivor), O=old, HS=humongous(starts), HC=humongous(continues), CS=collection set, F=free, A=archive, TAMS=top-at-mark-start (previous, next)
|   0|0x0000000081c00000, 0x0000000081d00000, 0x0000000081d00000|100%| O|  |TAMS 0x0000000081d00000, 0x0000000081c00000| Untracked 
|   1|0x0000000081d00000, 0x0000000081e00000, 0x0000000081e00000|100%| O|  |TAMS 0x0000000081e00000, 0x0000000081d00000| Untracked 
|   2|0x0000000081e00000, 0x0000000081f00000, 0x0000000081f00000|100%| O|  |TAMS 0x0000000081f00000, 0x0000000081e00000| Untracked 
|   3|0x0000000081f00000, 0x0000000082000000, 0x0000000082000000|100%| O|  |TAMS 0x0000000082000000, 0x0000000081f00000| Untracked 
|   4|0x0000000082000000, 0x000000008207b600, 0x0000000082100000| 48%| O|  |TAMS 0x000000008207b600, 0x0000000082000000| Untracked 
|   5|0x0000000082100000, 0x0000000082100000, 0x0000000082200000|  0%| F|  |TAMS 0x0000000082100000, 0x0000000082100000| Untracked 
|   6|0x0000000082200000, 0x0000000082200000, 0x0000000082300000|  0%| F|  |TAMS 0x0000000082200000, 0x0000000082200000| Untracked 
|   7|0x0000000082300000, 0x0000000082300000, 0x0000000082400000|  0%| F|  |TAMS 0x0000000082300000, 0x0000000082300000| Untracked 
|   8|0x0000000082400000, 0x0000000082400000, 0x0000000082500000|  0%| F|  |TAMS 0x0000000082400000, 0x0000000082400000| Untracked 
|   9|0x0000000082500000, 0x0000000082500000, 0x0000000082600000|  0%| F|  |TAMS 0x0000000082500000, 0x0000000082500000| Untracked 
|  10|0x0000000082600000, 0x0000000082600000, 0x0000000082700000|  0%| F|  |TAMS 0x0000000082600000, 0x0000000082600000| Untracked 
|  11|0x0000000082700000, 0x0000000082700000, 0x0000000082800000|  0%| F|  |TAMS 0x0000000082700000, 0x0000000082700000| Untracked 
|  12|0x0000000082800000, 0x0000000082800000, 0x0000000082900000|  0%| F|  |TAMS 0x0000000082800000, 0x0000000082800000| Untracked 
|  13|0x0000000082900000, 0x0000000082900000, 0x0000000082a00000|  0%| F|  |TAMS 0x0000000082900000, 0x0000000082900000| Untracked 
|  14|0x0000000082a00000, 0x0000000082a00000, 0x0000000082b00000|  0%| F|  |TAMS 0x0000000082a00000, 0x0000000082a00000| Untracked 
|  15|0x0000000082b00000, 0x0000000082b00000, 0x0000000082c00000|  0%| F|  |TAMS 0x0000000082b00000, 0x0000000082b00000| Untracked 
|  16|0x0000000082c00000, 0x0000000082c00000, 0x0000000082d00000|  0%| F|  |TAMS 0x0000000082c00000, 0x0000000082c00000| Untracked 
|  17|0x0000000082d00000, 0x0000000082d00000, 0x0000000082e00000|  0%| F|  |TAMS 0x0000000082d00000, 0x0000000082d00000| Untracked 
|  18|0x0000000082e00000, 0x0000000082e00000, 0x0000000082f00000|  0%| F|  |TAMS 0x0000000082e00000, 0x0000000082e00000| Untracked 
|  19|0x0000000082f00000, 0x0000000082f00000, 0x0000000083000000|  0%| F|  |TAMS 0x0000000082f00000, 0x0000000082f00000| Untracked 
|  20|0x0000000083000000, 0x0000000083000000, 0x0000000083100000|  0%| F|  |TAMS 0x0000000083000000, 0x0000000083000000| Untracked 
|  21|0x0000000083100000, 0x0000000083100000, 0x0000000083200000|  0%| F|  |TAMS 0x0000000083100000, 0x0000000083100000| Untracked 
|  22|0x0000000083200000, 0x0000000083200000, 0x0000000083300000|  0%| F|  |TAMS 0x0000000083200000, 0x0000000083200000| Untracked 
|  23|0x0000000083300000, 0x0000000083300000, 0x0000000083400000|  0%| F|  |TAMS 0x0000000083300000, 0x0000000083300000| Untracked 
|  24|0x0000000083400000, 0x0000000083400000, 0x0000000083500000|  0%| F|  |TAMS 0x0000000083400000, 0x0000000083400000| Untracked 
|  25|0x0000000083500000, 0x0000000083500000, 0x0000000083600000|  0%| F|  |TAMS 0x0000000083500000, 0x0000000083500000| Untracked 
|  26|0x0000000083600000, 0x0000000083600000, 0x0000000083700000|  0%| F|  |TAMS 0x0000000083600000, 0x0000000083600000| Untracked 
|  27|0x0000000083700000, 0x0000000083700000, 0x0000000083800000|  0%| F|  |TAMS 0x0000000083700000, 0x0000000083700000| Untracked 
|  28|0x0000000083800000, 0x0000000083800000, 0x0000000083900000|  0%| F|  |TAMS 0x0000000083800000, 0x0000000083800000| Untracked 
|  29|0x0000000083900000, 0x0000000083900000, 0x0000000083a00000|  0%| F|  |TAMS 0x0000000083900000, 0x0000000083900000| Untracked 
|  30|0x0000000083a00000, 0x0000000083a00000, 0x0000000083b00000|  0%| F|  |TAMS 0x0000000083a00000, 0x0000000083a00000| Untracked 
|  31|0x0000000083b00000, 0x0000000083b00000, 0x0000000083c00000|  0%| F|  |TAMS 0x0000000083b00000, 0x0000000083b00000| Untracked 
|  32|0x0000000083c00000, 0x0000000083c00000, 0x0000000083d00000|  0%| F|  |TAMS 0x0000000083c00000, 0x0000000083c00000| Untracked 
|  33|0x0000000083d00000, 0x0000000083d00000, 0x0000000083e00000|  0%| F|  |TAMS 0x0000000083d00000, 0x0000000083d00000| Untracked 
|  34|0x0000000083e00000, 0x0000000083e00000, 0x0000000083f00000|  0%| F|  |TAMS 0x0000000083e00000, 0x0000000083e00000| Untracked 
|  35|0x0000000083f00000, 0x0000000083f00000, 0x0000000084000000|  0%| F|  |TAMS 0x0000000083f00000, 0x0000000083f00000| Untracked 
|  36|0x0000000084000000, 0x0000000084000000, 0x0000000084100000|  0%| F|  |TAMS 0x0000000084000000, 0x0000000084000000| Untracked 
|  37|0x0000000084100000, 0x0000000084100000, 0x0000000084200000|  0%| F|  |TAMS 0x0000000084100000, 0x0000000084100000| Untracked 
|  38|0x0000000084200000, 0x0000000084200000, 0x0000000084300000|  0%| F|  |TAMS 0x0000000084200000, 0x0000000084200000| Untracked 
|  39|0x0000000084300000, 0x0000000084300000, 0x0000000084400000|  0%| F|  |TAMS 0x0000000084300000, 0x0000000084300000| Untracked 
|  40|0x0000000084400000, 0x0000000084400000, 0x0000000084500000|  0%| F|  |TAMS 0x0000000084400000, 0x0000000084400000| Untracked 
|  41|0x0000000084500000, 0x0000000084500000, 0x0000000084600000|  0%| F|  |TAMS 0x0000000084500000, 0x0000000084500000| Untracked 
|  42|0x0000000084600000, 0x0000000084600000, 0x0000000084700000|  0%| F|  |TAMS 0x0000000084600000, 0x0000000084600000| Untracked 
|  43|0x0000000084700000, 0x0000000084700000, 0x0000000084800000|  0%| F|  |TAMS 0x0000000084700000, 0x0000000084700000| Untracked 
|  44|0x0000000084800000, 0x0000000084800000, 0x0000000084900000|  0%| F|  |TAMS 0x0000000084800000, 0x0000000084800000| Untracked 
|  45|0x0000000084900000, 0x0000000084900000, 0x0000000084a00000|  0%| F|  |TAMS 0x0000000084900000, 0x0000000084900000| Untracked 
|  46|0x0000000084a00000, 0x0000000084a00000, 0x0000000084b00000|  0%| F|  |TAMS 0x0000000084a00000, 0x0000000084a00000| Untracked 
|  47|0x0000000084b00000, 0x0000000084b00000, 0x0000000084c00000|  0%| F|  |TAMS 0x0000000084b00000, 0x0000000084b00000| Untracked 
|  48|0x0000000084c00000, 0x0000000084c00000, 0x0000000084d00000|  0%| F|  |TAMS 0x0000000084c00000, 0x0000000084c00000| Untracked 
|  49|0x0000000084d00000, 0x0000000084d00000, 0x0000000084e00000|  0%| F|  |TAMS 0x0000000084d00000, 0x0000000084d00000| Untracked 
|  50|0x0000000084e00000, 0x0000000084e00000, 0x0000000084f00000|  0%| F|  |TAMS 0x0000000084e00000, 0x0000000084e00000| Untracked 
|  51|0x0000000084f00000, 0x0000000084f00000, 0x0000000085000000|  0%| F|  |TAMS 0x0000000084f00000, 0x0000000084f00000| Untracked 
|  52|0x0000000085000000, 0x0000000085000000, 0x0000000085100000|  0%| F|  |TAMS 0x0000000085000000, 0x0000000085000000| Untracked 
|  53|0x0000000085100000, 0x0000000085100000, 0x0000000085200000|  0%| F|  |TAMS 0x0000000085100000, 0x0000000085100000| Untracked 
|  54|0x0000000085200000, 0x0000000085200000, 0x0000000085300000|  0%| F|  |TAMS 0x0000000085200000, 0x0000000085200000| Untracked 
|  55|0x0000000085300000, 0x0000000085300000, 0x0000000085400000|  0%| F|  |TAMS 0x0000000085300000, 0x0000000085300000| Untracked 
|  56|0x0000000085400000, 0x0000000085400000, 0x0000000085500000|  0%| F|  |TAMS 0x0000000085400000, 0x0000000085400000| Untracked 
|  57|0x0000000085500000, 0x0000000085500000, 0x0000000085600000|  0%| F|  |TAMS 0x0000000085500000, 0x0000000085500000| Untracked 
|  58|0x0000000085600000, 0x0000000085600000, 0x0000000085700000|  0%| F|  |TAMS 0x0000000085600000, 0x0000000085600000| Untracked 
|  59|0x0000000085700000, 0x0000000085700000, 0x0000000085800000|  0%| F|  |TAMS 0x0000000085700000, 0x0000000085700000| Untracked 
|  60|0x0000000085800000, 0x0000000085800000, 0x0000000085900000|  0%| F|  |TAMS 0x0000000085800000, 0x0000000085800000| Untracked 
|  61|0x0000000085900000, 0x0000000085900000, 0x0000000085a00000|  0%| F|  |TAMS 0x0000000085900000, 0x0000000085900000| Untracked 
|  62|0x0000000085a00000, 0x0000000085a00000, 0x0000000085b00000|  0%| F|  |TAMS 0x0000000085a00000, 0x0000000085a00000| Untracked 
|  63|0x0000000085b00000, 0x0000000085b00000, 0x0000000085c00000|  0%| F|  |TAMS 0x0000000085b00000, 0x0000000085b00000| Untracked 
|  64|0x0000000085c00000, 0x0000000085cc2670, 0x0000000085d00000| 75%| S|CS|TAMS 0x0000000085c00000, 0x0000000085c00000| Complete 
|  65|0x0000000085d00000, 0x0000000085e00000, 0x0000000085e00000|100%| S|CS|TAMS 0x0000000085d00000, 0x0000000085d00000| Complete 
|  66|0x0000000085e00000, 0x0000000085f00000, 0x0000000085f00000|100%| S|CS|TAMS 0x0000000085e00000, 0x0000000085e00000| Complete 
|  67|0x0000000085f00000, 0x0000000086000000, 0x0000000086000000|100%| S|CS|TAMS 0x0000000085f00000, 0x0000000085f00000| Complete 
|  68|0x0000000086000000, 0x0000000086100000, 0x0000000086100000|100%| S|CS|TAMS 0x0000000086000000, 0x0000000086000000| Complete 
|  69|0x0000000086100000, 0x0000000086200000, 0x0000000086200000|100%| S|CS|TAMS 0x0000000086100000, 0x0000000086100000| Complete 
|  70|0x0000000086200000, 0x0000000086200000, 0x0000000086300000|  0%| F|  |TAMS 0x0000000086200000, 0x0000000086200000| Untracked 
|  71|0x0000000086300000, 0x0000000086300000, 0x0000000086400000|  0%| F|  |TAMS 0x0000000086300000, 0x0000000086300000| Untracked 
|  72|0x0000000086400000, 0x0000000086400000, 0x0000000086500000|  0%| F|  |TAMS 0x0000000086400000, 0x0000000086400000| Untracked 
|  73|0x0000000086500000, 0x0000000086500000, 0x0000000086600000|  0%| F|  |TAMS 0x0000000086500000, 0x0000000086500000| Untracked 
|  74|0x0000000086600000, 0x0000000086600000, 0x0000000086700000|  0%| F|  |TAMS 0x0000000086600000, 0x0000000086600000| Untracked 
|  75|0x0000000086700000, 0x0000000086700000, 0x0000000086800000|  0%| F|  |TAMS 0x0000000086700000, 0x0000000086700000| Untracked 
|  76|0x0000000086800000, 0x0000000086800000, 0x0000000086900000|  0%| F|  |TAMS 0x0000000086800000, 0x0000000086800000| Untracked 
|  77|0x0000000086900000, 0x0000000086900000, 0x0000000086a00000|  0%| F|  |TAMS 0x0000000086900000, 0x0000000086900000| Untracked 
|  78|0x0000000086a00000, 0x0000000086a00000, 0x0000000086b00000|  0%| F|  |TAMS 0x0000000086a00000, 0x0000000086a00000| Untracked 
|  79|0x0000000086b00000, 0x0000000086b00000, 0x0000000086c00000|  0%| F|  |TAMS 0x0000000086b00000, 0x0000000086b00000| Untracked 
|  80|0x0000000086c00000, 0x0000000086c00000, 0x0000000086d00000|  0%| F|  |TAMS 0x0000000086c00000, 0x0000000086c00000| Untracked 
|  81|0x0000000086d00000, 0x0000000086d00000, 0x0000000086e00000|  0%| F|  |TAMS 0x0000000086d00000, 0x0000000086d00000| Untracked 
|  82|0x0000000086e00000, 0x0000000086e00000, 0x0000000086f00000|  0%| F|  |TAMS 0x0000000086e00000, 0x0000000086e00000| Untracked 
|  83|0x0000000086f00000, 0x0000000086f00000, 0x0000000087000000|  0%| F|  |TAMS 0x0000000086f00000, 0x0000000086f00000| Untracked 
|  84|0x0000000087000000, 0x0000000087000000, 0x0000000087100000|  0%| F|  |TAMS 0x0000000087000000, 0x0000000087000000| Untracked 
|  85|0x0000000087100000, 0x0000000087100000, 0x0000000087200000|  0%| F|  |TAMS 0x0000000087100000, 0x0000000087100000| Untracked 
|  86|0x0000000087200000, 0x0000000087200000, 0x0000000087300000|  0%| F|  |TAMS 0x0000000087200000, 0x0000000087200000| Untracked 
|  87|0x0000000087300000, 0x0000000087300000, 0x0000000087400000|  0%| F|  |TAMS 0x0000000087300000, 0x0000000087300000| Untracked 
|  88|0x0000000087400000, 0x0000000087400000, 0x0000000087500000|  0%| F|  |TAMS 0x0000000087400000, 0x0000000087400000| Untracked 
|  89|0x0000000087500000, 0x0000000087500000, 0x0000000087600000|  0%| F|  |TAMS 0x0000000087500000, 0x0000000087500000| Untracked 
|  90|0x0000000087600000, 0x0000000087680800, 0x0000000087700000| 50%| E|  |TAMS 0x0000000087600000, 0x0000000087600000| Complete 
|  91|0x0000000087700000, 0x0000000087800000, 0x0000000087800000|100%| E|CS|TAMS 0x0000000087700000, 0x0000000087700000| Complete 
|  92|0x0000000087800000, 0x0000000087900000, 0x0000000087900000|100%| E|CS|TAMS 0x0000000087800000, 0x0000000087800000| Complete 
|  93|0x0000000087900000, 0x0000000087a00000, 0x0000000087a00000|100%| E|CS|TAMS 0x0000000087900000, 0x0000000087900000| Complete 
|  94|0x0000000087a00000, 0x0000000087b00000, 0x0000000087b00000|100%| E|CS|TAMS 0x0000000087a00000, 0x0000000087a00000| Complete 
|  95|0x0000000087b00000, 0x0000000087c00000, 0x0000000087c00000|100%| E|CS|TAMS 0x0000000087b00000, 0x0000000087b00000| Complete 
|  96|0x0000000087c00000, 0x0000000087d00000, 0x0000000087d00000|100%| E|CS|TAMS 0x0000000087c00000, 0x0000000087c00000| Complete 
|  97|0x0000000087d00000, 0x0000000087e00000, 0x0000000087e00000|100%| E|CS|TAMS 0x0000000087d00000, 0x0000000087d00000| Complete 
|  98|0x0000000087e00000, 0x0000000087f00000, 0x0000000087f00000|100%| E|CS|TAMS 0x0000000087e00000, 0x0000000087e00000| Complete 
|  99|0x0000000087f00000, 0x0000000088000000, 0x0000000088000000|100%| E|CS|TAMS 0x0000000087f00000, 0x0000000087f00000| Complete 
| 100|0x0000000088000000, 0x0000000088100000, 0x0000000088100000|100%| E|CS|TAMS 0x0000000088000000, 0x0000000088000000| Complete 
| 101|0x0000000088100000, 0x0000000088200000, 0x0000000088200000|100%| E|CS|TAMS 0x0000000088100000, 0x0000000088100000| Complete 
| 102|0x0000000088200000, 0x0000000088300000, 0x0000000088300000|100%| E|CS|TAMS 0x0000000088200000, 0x0000000088200000| Complete 
| 103|0x0000000088300000, 0x0000000088400000, 0x0000000088400000|100%| E|CS|TAMS 0x0000000088300000, 0x0000000088300000| Complete 
| 104|0x0000000088400000, 0x0000000088500000, 0x0000000088500000|100%| E|CS|TAMS 0x0000000088400000, 0x0000000088400000| Complete 
| 105|0x0000000088500000, 0x0000000088600000, 0x0000000088600000|100%| E|CS|TAMS 0x0000000088500000, 0x0000000088500000| Complete 
| 106|0x0000000088600000, 0x0000000088700000, 0x0000000088700000|100%| E|CS|TAMS 0x0000000088600000, 0x0000000088600000| Complete 
| 107|0x0000000088700000, 0x0000000088800000, 0x0000000088800000|100%| E|CS|TAMS 0x0000000088700000, 0x0000000088700000| Complete 
| 108|0x0000000088800000, 0x0000000088900000, 0x0000000088900000|100%| E|CS|TAMS 0x0000000088800000, 0x0000000088800000| Complete 
| 109|0x0000000088900000, 0x0000000088a00000, 0x0000000088a00000|100%| E|CS|TAMS 0x0000000088900000, 0x0000000088900000| Complete 
| 110|0x0000000088a00000, 0x0000000088b00000, 0x0000000088b00000|100%| E|CS|TAMS 0x0000000088a00000, 0x0000000088a00000| Complete 
| 111|0x0000000088b00000, 0x0000000088c00000, 0x0000000088c00000|100%| E|CS|TAMS 0x0000000088b00000, 0x0000000088b00000| Complete 
| 112|0x0000000088c00000, 0x0000000088d00000, 0x0000000088d00000|100%| E|CS|TAMS 0x0000000088c00000, 0x0000000088c00000| Complete 
| 113|0x0000000088d00000, 0x0000000088e00000, 0x0000000088e00000|100%| E|CS|TAMS 0x0000000088d00000, 0x0000000088d00000| Complete 
| 114|0x0000000088e00000, 0x0000000088f00000, 0x0000000088f00000|100%| E|CS|TAMS 0x0000000088e00000, 0x0000000088e00000| Complete 
| 115|0x0000000088f00000, 0x0000000089000000, 0x0000000089000000|100%| E|CS|TAMS 0x0000000088f00000, 0x0000000088f00000| Complete 
| 116|0x0000000089000000, 0x0000000089100000, 0x0000000089100000|100%| E|CS|TAMS 0x0000000089000000, 0x0000000089000000| Complete 
| 117|0x0000000089100000, 0x0000000089200000, 0x0000000089200000|100%| E|CS|TAMS 0x0000000089100000, 0x0000000089100000| Complete 
| 118|0x0000000089200000, 0x0000000089300000, 0x0000000089300000|100%| E|CS|TAMS 0x0000000089200000, 0x0000000089200000| Complete 
| 119|0x0000000089300000, 0x0000000089400000, 0x0000000089400000|100%| E|CS|TAMS 0x0000000089300000, 0x0000000089300000| Complete 
| 120|0x0000000089400000, 0x0000000089500000, 0x0000000089500000|100%| E|CS|TAMS 0x0000000089400000, 0x0000000089400000| Complete 
| 121|0x0000000089500000, 0x0000000089600000, 0x0000000089600000|100%| E|CS|TAMS 0x0000000089500000, 0x0000000089500000| Complete 
| 122|0x0000000089600000, 0x0000000089700000, 0x0000000089700000|100%| E|CS|TAMS 0x0000000089600000, 0x0000000089600000| Complete 
| 123|0x0000000089700000, 0x0000000089800000, 0x0000000089800000|100%| E|CS|TAMS 0x0000000089700000, 0x0000000089700000| Complete 
| 124|0x0000000089800000, 0x0000000089900000, 0x0000000089900000|100%| E|CS|TAMS 0x0000000089800000, 0x0000000089800000| Complete 
| 125|0x0000000089900000, 0x0000000089a00000, 0x0000000089a00000|100%| E|CS|TAMS 0x0000000089900000, 0x0000000089900000| Complete 
| 126|0x0000000089a00000, 0x0000000089b00000, 0x0000000089b00000|100%| E|CS|TAMS 0x0000000089a00000, 0x0000000089a00000| Complete 
| 127|0x0000000089b00000, 0x0000000089c00000, 0x0000000089c00000|100%| E|CS|TAMS 0x0000000089b00000, 0x0000000089b00000| Complete 

Card table byte_map: [0x0000028e799d0000,0x0000028e79dd0000] _byte_map_base: 0x0000028e795c2000

Marking Bits (Prev, Next): (CMBitMap*) 0x0000028e7118a5f0, (CMBitMap*) 0x0000028e7118a5b8
 Prev Bits: [0x0000028e7c160000, 0x0000028e7e0f0000)
 Next Bits: [0x0000028e7a1d0000, 0x0000028e7c160000)

Polling page: 0x0000028e6f160000

Metaspace:

Usage:
  Non-class:     25.22 MB capacity,    24.89 MB ( 99%) used,   281.91 KB (  1%) free+waste,    57.25 KB ( <1%) overhead. 
      Class:      3.45 MB capacity,     3.27 MB ( 95%) used,   153.09 KB (  4%) free+waste,    25.50 KB ( <1%) overhead. 
       Both:     28.67 MB capacity,    28.17 MB ( 98%) used,   435.00 KB (  1%) free+waste,    82.75 KB ( <1%) overhead. 

Virtual space:
  Non-class space:       26.00 MB reserved,      25.25 MB ( 97%) committed 
      Class space:        1.00 GB reserved,       3.50 MB ( <1%) committed 
             Both:        1.03 GB reserved,      28.75 MB (  3%) committed 

Chunk freelists:
   Non-Class:  3.50 KB
       Class:  0 bytes
        Both:  3.50 KB

CodeHeap 'non-profiled nmethods': size=120064Kb used=2106Kb max_used=2106Kb free=117957Kb
 bounds [0x0000028e07ac0000, 0x0000028e07d30000, 0x0000028e0f000000]
CodeHeap 'profiled nmethods': size=120000Kb used=8286Kb max_used=8286Kb free=111713Kb
 bounds [0x0000028e00590000, 0x0000028e00db0000, 0x0000028e07ac0000]
CodeHeap 'non-nmethods': size=5696Kb used=1245Kb max_used=1306Kb free=4450Kb
 bounds [0x0000028e00000000, 0x0000028e00270000, 0x0000028e00590000]
 total_blobs=4010 nmethods=3507 adapters=422
 compilation: enabled
              stopped_count=0, restarted_count=0
 full_count=0

Compilation events (10 events):
Event: 79.918 Thread 0x0000028e7e607000 3511   !   3       sun.nio.cs.StreamEncoder::write (78 bytes)
Event: 79.919 Thread 0x0000028e7e607000 nmethod 3511 0x0000028e00d9da90 code [0x0000028e00d9dd00, 0x0000028e00d9e8a8]
Event: 79.919 Thread 0x0000028e7e607000 3512   !   3       java.nio.charset.CharsetEncoder::encode (285 bytes)
Event: 79.920 Thread 0x0000028e7e607000 nmethod 3512 0x0000028e00d9ef10 code [0x0000028e00d9f240, 0x0000028e00da05f8]
Event: 1037.095 Thread 0x0000028e7e5f5000 3513       4       org.eclipse.jdt.launching.internal.org.objectweb.asm.ClassReader::readField (667 bytes)
Event: 1037.472 Thread 0x0000028e7e5f5000 nmethod 3513 0x0000028e07cbcd90 code [0x0000028e07cbd280, 0x0000028e07cc9908]
Event: 1185.769 Thread 0x0000028e7e607000 3514       3       org.eclipse.jdt.launching.internal.org.objectweb.asm.AnnotationWriter::visit (935 bytes)
Event: 1185.792 Thread 0x0000028e7e607000 nmethod 3514 0x0000028e00da0d10 code [0x0000028e00da13e0, 0x0000028e00da5278]
Event: 1185.792 Thread 0x0000028e7e607000 3515       3       org.eclipse.jdt.launching.internal.org.objectweb.asm.FieldWriter::visitAnnotation (40 bytes)
Event: 1185.793 Thread 0x0000028e7e607000 nmethod 3515 0x0000028e00da6a10 code [0x0000028e00da6c80, 0x0000028e00da76d8]

GC Heap History (10 events):
Event: 0.942 GC heap before
{Heap before GC invocations=0 (full 0):
 garbage-first heap   total 131072K, used 13312K [0x0000000081c00000, 0x0000000100000000)
  region size 1024K, 14 young (14336K), 0 survivors (0K)
 Metaspace       used 10229K, capacity 10321K, committed 10496K, reserved 1058816K
  class space    used 926K, capacity 967K, committed 1024K, reserved 1048576K
}
Event: 0.945 GC heap after
{Heap after GC invocations=1 (full 0):
 garbage-first heap   total 131072K, used 4671K [0x0000000081c00000, 0x0000000100000000)
  region size 1024K, 2 young (2048K), 2 survivors (2048K)
 Metaspace       used 10229K, capacity 10321K, committed 10496K, reserved 1058816K
  class space    used 926K, capacity 967K, committed 1024K, reserved 1048576K
}
Event: 1.101 GC heap before
{Heap before GC invocations=1 (full 0):
 garbage-first heap   total 131072K, used 16959K [0x0000000081c00000, 0x0000000100000000)
  region size 1024K, 14 young (14336K), 2 survivors (2048K)
 Metaspace       used 11666K, capacity 11782K, committed 12032K, reserved 1060864K
  class space    used 1125K, capacity 1177K, committed 1280K, reserved 1048576K
}
Event: 1.103 GC heap after
{Heap after GC invocations=2 (full 0):
 garbage-first heap   total 131072K, used 4973K [0x0000000081c00000, 0x0000000100000000)
  region size 1024K, 1 young (1024K), 1 survivors (1024K)
 Metaspace       used 11666K, capacity 11782K, committed 12032K, reserved 1060864K
  class space    used 1125K, capacity 1177K, committed 1280K, reserved 1048576K
}
Event: 1.528 GC heap before
{Heap before GC invocations=2 (full 0):
 garbage-first heap   total 131072K, used 36717K [0x0000000081c00000, 0x0000000100000000)
  region size 1024K, 32 young (32768K), 1 survivors (1024K)
 Metaspace       used 16359K, capacity 16694K, committed 16768K, reserved 1064960K
  class space    used 1798K, capacity 1896K, committed 1920K, reserved 1048576K
}
Event: 1.531 GC heap after
{Heap after GC invocations=3 (full 0):
 garbage-first heap   total 131072K, used 6582K [0x0000000081c00000, 0x0000000100000000)
  region size 1024K, 2 young (2048K), 2 survivors (2048K)
 Metaspace       used 16359K, capacity 16694K, committed 16768K, reserved 1064960K
  class space    used 1798K, capacity 1896K, committed 1920K, reserved 1048576K
}
Event: 2.066 GC heap before
{Heap before GC invocations=3 (full 0):
 garbage-first heap   total 131072K, used 42422K [0x0000000081c00000, 0x0000000100000000)
  region size 1024K, 38 young (38912K), 2 survivors (2048K)
 Metaspace       used 20849K, capacity 21193K, committed 21248K, reserved 1069056K
  class space    used 2438K, capacity 2548K, committed 2560K, reserved 1048576K
}
Event: 2.069 GC heap after
{Heap after GC invocations=4 (full 0):
 garbage-first heap   total 131072K, used 7735K [0x0000000081c00000, 0x0000000100000000)
  region size 1024K, 4 young (4096K), 4 survivors (4096K)
 Metaspace       used 20849K, capacity 21193K, committed 21248K, reserved 1069056K
  class space    used 2438K, capacity 2548K, committed 2560K, reserved 1048576K
}
Event: 7.939 GC heap before
{Heap before GC invocations=5 (full 0):
 garbage-first heap   total 131072K, used 63031K [0x0000000081c00000, 0x0000000100000000)
  region size 1024K, 58 young (59392K), 4 survivors (4096K)
 Metaspace       used 26493K, capacity 26958K, committed 27264K, reserved 1073152K
  class space    used 3201K, capacity 3379K, committed 3456K, reserved 1048576K
}
Event: 7.946 GC heap after
{Heap after GC invocations=6 (full 0):
 garbage-first heap   total 131072K, used 10487K [0x0000000081c00000, 0x0000000100000000)
  region size 1024K, 6 young (6144K), 6 survivors (6144K)
 Metaspace       used 26493K, capacity 26958K, committed 27264K, reserved 1073152K
  class space    used 3201K, capacity 3379K, committed 3456K, reserved 1048576K
}

Deoptimization events (10 events):
Event: 2.237 Thread 0x0000028e7114e000 Uncommon trap: reason=unstable_if action=reinterpret pc=0x0000028e07b2e59c method=java.lang.String.replace(CC)Ljava/lang/String; @ 2 c2
Event: 2.238 Thread 0x0000028e7114e000 Uncommon trap: reason=bimorphic_or_optimized_type_check action=maybe_recompile pc=0x0000028e07b466c4 method=java.net.URL.<init>(Ljava/net/URL;Ljava/lang/String;Ljava/net/URLStreamHandler;)V @ 504 c2
Event: 7.899 Thread 0x0000028e7114e000 Uncommon trap: reason=profile_predicate action=maybe_recompile pc=0x0000028e07b58d94 method=java.io.DataOutputStream.writeUTF(Ljava/lang/String;Ljava/io/DataOutput;)I @ 16 c2
Event: 7.899 Thread 0x0000028e7114e000 Uncommon trap: reason=profile_predicate action=maybe_recompile pc=0x0000028e07b58d94 method=java.io.DataOutputStream.writeUTF(Ljava/lang/String;Ljava/io/DataOutput;)I @ 16 c2
Event: 7.899 Thread 0x0000028e7114e000 Uncommon trap: reason=profile_predicate action=maybe_recompile pc=0x0000028e07b58d94 method=java.io.DataOutputStream.writeUTF(Ljava/lang/String;Ljava/io/DataOutput;)I @ 16 c2
Event: 7.899 Thread 0x0000028e7114e000 Uncommon trap: reason=profile_predicate action=maybe_recompile pc=0x0000028e07b58d94 method=java.io.DataOutputStream.writeUTF(Ljava/lang/String;Ljava/io/DataOutput;)I @ 16 c2
Event: 7.959 Thread 0x0000028e7114e000 Uncommon trap: reason=unstable_if action=reinterpret pc=0x0000028e07bb1e28 method=java.lang.String.equals(Ljava/lang/Object;)Z @ 27 c2
Event: 8.044 Thread 0x0000028e7114e000 Uncommon trap: reason=unstable_if action=reinterpret pc=0x0000028e07bc4128 method=java.util.HashMap.hash(Ljava/lang/Object;)I @ 1 c2
Event: 8.099 Thread 0x0000028e7114e000 Uncommon trap: reason=unstable_if action=reinterpret pc=0x0000028e07c668a0 method=sun.util.locale.BaseLocale.equals(Ljava/lang/Object;)Z @ 2 c2
Event: 8.106 Thread 0x0000028e7114e000 Uncommon trap: reason=unstable_if action=reinterpret pc=0x0000028e07c58800 method=java.util.Formatter$Conversion.isGeneral(C)Z @ 1 c2

Classes redefined (7 events):
Event: 578.926 Thread 0x0000028e7e5bd000 redefined class name=com.BlueBird.PageObjects.OrganizationGroups.OrganizationalGroups, count=1
Event: 973.480 Thread 0x0000028e7e5bd000 redefined class name=com.BlueBird.PageObjects.OrganizationGroups.OrganizationalGroups, count=2
Event: 1009.268 Thread 0x0000028e7e5bd000 redefined class name=com.BlueBird.PageObjects.OrganizationGroups.OrganizationalGroups, count=3
Event: 1037.113 Thread 0x0000028e7e5bd000 redefined class name=com.BlueBird.PageObjects.OrganizationGroups.OrganizationalGroups, count=4
Event: 1087.076 Thread 0x0000028e7e5bd000 redefined class name=com.BlueBird.PageObjects.OrganizationGroups.OrganizationalGroups, count=5
Event: 1153.169 Thread 0x0000028e7e5bd000 redefined class name=com.BlueBird.PageObjects.OrganizationGroups.OrganizationalGroups, count=6
Event: 1185.787 Thread 0x0000028e7e5bd000 redefined class name=com.BlueBird.PageObjects.OrganizationGroups.OrganizationalGroups, count=7

Internal exceptions (10 events):
Event: 111.696 Thread 0x0000028e7114e000 Exception <a 'java/net/SocketTimeoutException'{0x000000008775e750}: Read timed out> (0x000000008775e750) thrown at [./open/src/hotspot/share/prims/jni.cpp, line 632]
Event: 111.711 Thread 0x0000028e7114e000 Exception <a 'java/net/SocketTimeoutException'{0x000000008775eff8}: Read timed out> (0x000000008775eff8) thrown at [./open/src/hotspot/share/prims/jni.cpp, line 632]
Event: 474.756 Thread 0x0000028e7114e000 Exception <a 'java/net/SocketTimeoutException'{0x0000000087775028}: Read timed out> (0x0000000087775028) thrown at [./open/src/hotspot/share/prims/jni.cpp, line 632]
Event: 474.770 Thread 0x0000028e7114e000 Exception <a 'java/net/SocketTimeoutException'{0x00000000877758d0}: Read timed out> (0x00000000877758d0) thrown at [./open/src/hotspot/share/prims/jni.cpp, line 632]
Event: 955.963 Thread 0x0000028e7114e000 Exception <a 'java/net/SocketTimeoutException'{0x00000000877874b0}: Read timed out> (0x00000000877874b0) thrown at [./open/src/hotspot/share/prims/jni.cpp, line 632]
Event: 955.979 Thread 0x0000028e7114e000 Exception <a 'java/net/SocketTimeoutException'{0x0000000087787d58}: Read timed out> (0x0000000087787d58) thrown at [./open/src/hotspot/share/prims/jni.cpp, line 632]
Event: 1042.522 Thread 0x0000028e7114e000 Exception <a 'java/net/SocketTimeoutException'{0x000000008779dde0}: Read timed out> (0x000000008779dde0) thrown at [./open/src/hotspot/share/prims/jni.cpp, line 632]
Event: 1042.538 Thread 0x0000028e7114e000 Exception <a 'java/net/SocketTimeoutException'{0x000000008779e688}: Read timed out> (0x000000008779e688) thrown at [./open/src/hotspot/share/prims/jni.cpp, line 632]
Event: 1125.293 Thread 0x0000028e7114e000 Exception <a 'java/net/SocketTimeoutException'{0x00000000877af4e0}: Read timed out> (0x00000000877af4e0) thrown at [./open/src/hotspot/share/prims/jni.cpp, line 632]
Event: 1125.308 Thread 0x0000028e7114e000 Exception <a 'java/net/SocketTimeoutException'{0x00000000877afd88}: Read timed out> (0x00000000877afd88) thrown at [./open/src/hotspot/share/prims/jni.cpp, line 632]

Events (10 events):
Event: 1185.822 Executing VM operation: GetStackTrace done
Event: 1185.897 Executing VM operation: GetFrameCount
Event: 1185.897 Executing VM operation: GetFrameCount done
Event: 1185.898 Executing VM operation: GetOwnedMonitorInfo
Event: 1185.898 Executing VM operation: GetOwnedMonitorInfo done
Event: 1185.898 Executing VM operation: GetCurrentContendedMonitor
Event: 1185.898 Executing VM operation: GetCurrentContendedMonitor done
Event: 1185.905 Executing VM operation: GetFrameLocation
Event: 1185.905 Executing VM operation: GetFrameLocation done
Event: 1185.905 Executing VM operation: GetOrSetLocal


Dynamic libraries:
0x00007ff72f830000 - 0x00007ff72f83f000 	C:\Program Files\Java\jdk-11.0.10\bin\javaw.exe
0x00007fff93d70000 - 0x00007fff93f65000 	C:\WINDOWS\SYSTEM32\ntdll.dll
0x00007fff93c70000 - 0x00007fff93d2d000 	C:\WINDOWS\System32\KERNEL32.DLL
0x00007fff91870000 - 0x00007fff91b39000 	C:\WINDOWS\System32\KERNELBASE.dll
0x00007fff914b0000 - 0x00007fff915b0000 	C:\WINDOWS\System32\ucrtbase.dll
0x00007fff7fe60000 - 0x00007fff7fe78000 	C:\Program Files\Java\jdk-11.0.10\bin\jli.dll
0x00007fff939f0000 - 0x00007fff93a9c000 	C:\WINDOWS\System32\ADVAPI32.dll
0x00007fff938f0000 - 0x00007fff9398e000 	C:\WINDOWS\System32\msvcrt.dll
0x00007fff925b0000 - 0x00007fff9264c000 	C:\WINDOWS\System32\sechost.dll
0x00007fff93340000 - 0x00007fff9346b000 	C:\WINDOWS\System32\RPCRT4.dll
0x00007fff922e0000 - 0x00007fff92480000 	C:\WINDOWS\System32\USER32.dll
0x00007fff91b40000 - 0x00007fff91b62000 	C:\WINDOWS\System32\win32u.dll
0x00007fff91dd0000 - 0x00007fff91dfa000 	C:\WINDOWS\System32\GDI32.dll
0x00007fff91cc0000 - 0x00007fff91dcb000 	C:\WINDOWS\System32\gdi32full.dll
0x00007fff91b70000 - 0x00007fff91c0d000 	C:\WINDOWS\System32\msvcp_win.dll
0x00007fff7fe40000 - 0x00007fff7fe55000 	C:\Program Files\Java\jdk-11.0.10\bin\VCRUNTIME140.dll
0x00007fff76870000 - 0x00007fff76b0a000 	C:\WINDOWS\WinSxS\amd64_microsoft.windows.common-controls_6595b64144ccf1df_6.0.19041.844_none_ca00b6081b84eb1d\COMCTL32.dll
0x00007fff8bcd0000 - 0x00007fff8bcda000 	C:\WINDOWS\SYSTEM32\VERSION.dll
0x00007fff93640000 - 0x00007fff93670000 	C:\WINDOWS\System32\IMM32.DLL
0x00007fff7f360000 - 0x00007fff7f3fb000 	C:\Program Files\Java\jdk-11.0.10\bin\msvcp140.dll
0x00007fff3c890000 - 0x00007fff3d38b000 	C:\Program Files\Java\jdk-11.0.10\bin\server\jvm.dll
0x00007fff93330000 - 0x00007fff93338000 	C:\WINDOWS\System32\PSAPI.DLL
0x00007fff7fe30000 - 0x00007fff7fe39000 	C:\WINDOWS\SYSTEM32\WSOCK32.dll
0x00007fff92270000 - 0x00007fff922db000 	C:\WINDOWS\System32\WS2_32.dll
0x00007fff7a440000 - 0x00007fff7a467000 	C:\WINDOWS\SYSTEM32\WINMM.dll
0x00007fff8f350000 - 0x00007fff8f362000 	C:\WINDOWS\SYSTEM32\kernel.appcore.dll
0x00007fff7fe20000 - 0x00007fff7fe30000 	C:\Program Files\Java\jdk-11.0.10\bin\verify.dll
0x00007fff730d0000 - 0x00007fff732b4000 	C:\WINDOWS\SYSTEM32\DBGHELP.DLL
0x00007fff73080000 - 0x00007fff730ac000 	C:\WINDOWS\SYSTEM32\dbgcore.DLL
0x00007fff91c40000 - 0x00007fff91cc0000 	C:\WINDOWS\System32\bcryptPrimitives.dll
0x00007fff7fdf0000 - 0x00007fff7fe18000 	C:\Program Files\Java\jdk-11.0.10\bin\java.dll
0x00007fff7fde0000 - 0x00007fff7fdea000 	C:\Program Files\Java\jdk-11.0.10\bin\jimage.dll
0x00007fff6d9e0000 - 0x00007fff6da18000 	C:\Program Files\Java\jdk-11.0.10\bin\jdwp.dll
0x00007fff8ed30000 - 0x00007fff8ed3e000 	C:\Program Files\Java\jdk-11.0.10\bin\instrument.dll
0x00007fff7fd20000 - 0x00007fff7fd36000 	C:\Program Files\Java\jdk-11.0.10\bin\zip.dll
0x00007fff92740000 - 0x00007fff92e82000 	C:\WINDOWS\System32\SHELL32.dll
0x00007fff8f630000 - 0x00007fff8fdc0000 	C:\WINDOWS\SYSTEM32\windows.storage.dll
0x00007fff92e90000 - 0x00007fff931e5000 	C:\WINDOWS\System32\combase.dll
0x00007fff90eb0000 - 0x00007fff90edc000 	C:\WINDOWS\SYSTEM32\Wldp.dll
0x00007fff93470000 - 0x00007fff9351e000 	C:\WINDOWS\System32\SHCORE.dll
0x00007fff926e0000 - 0x00007fff92735000 	C:\WINDOWS\System32\shlwapi.dll
0x00007fff913f0000 - 0x00007fff9140f000 	C:\WINDOWS\SYSTEM32\profapi.dll
0x00007fff8ed10000 - 0x00007fff8ed1a000 	C:\Program Files\Java\jdk-11.0.10\bin\dt_socket.dll
0x00007fff90c30000 - 0x00007fff90c9a000 	C:\WINDOWS\System32\mswsock.dll
0x00007fff90910000 - 0x00007fff909db000 	C:\WINDOWS\SYSTEM32\DNSAPI.dll
0x00007fff908c0000 - 0x00007fff908fb000 	C:\WINDOWS\SYSTEM32\IPHLPAPI.DLL
0x00007fff93b80000 - 0x00007fff93b88000 	C:\WINDOWS\System32\NSI.dll
0x00007fff868d0000 - 0x00007fff8694f000 	C:\WINDOWS\System32\fwpuclnt.dll
0x00007fff91c10000 - 0x00007fff91c37000 	C:\WINDOWS\System32\bcrypt.dll
0x00007fff86a30000 - 0x00007fff86a3a000 	C:\Windows\System32\rasadhlp.dll
0x00007fff7fd00000 - 0x00007fff7fd19000 	C:\Program Files\Java\jdk-11.0.10\bin\net.dll
0x00007fff8b0b0000 - 0x00007fff8b1bc000 	C:\WINDOWS\SYSTEM32\WINHTTP.dll
0x00007fff7fce0000 - 0x00007fff7fcf2000 	C:\Program Files\Java\jdk-11.0.10\bin\nio.dll
0x00007fff730b0000 - 0x00007fff730c7000 	C:\WINDOWS\system32\napinsp.dll
0x00007fff73060000 - 0x00007fff7307b000 	C:\WINDOWS\system32\pnrpnsp.dll
0x00007fff73040000 - 0x00007fff73055000 	C:\WINDOWS\system32\wshbth.dll
0x00007fff8c810000 - 0x00007fff8c82d000 	C:\WINDOWS\system32\NLAapi.dll
0x00007fff73020000 - 0x00007fff73032000 	C:\WINDOWS\System32\winrnr.dll
0x00007fff90e00000 - 0x00007fff90e18000 	C:\WINDOWS\SYSTEM32\CRYPTSP.dll
0x00007fff90570000 - 0x00007fff905a4000 	C:\WINDOWS\system32\rsaenh.dll
0x00007fff913b0000 - 0x00007fff913de000 	C:\WINDOWS\SYSTEM32\USERENV.dll
0x00007fff90e20000 - 0x00007fff90e2c000 	C:\WINDOWS\SYSTEM32\CRYPTBASE.dll
0x00007fff879e0000 - 0x00007fff879f7000 	C:\WINDOWS\SYSTEM32\dhcpcsvc6.DLL
0x00007fff87be0000 - 0x00007fff87bfd000 	C:\WINDOWS\SYSTEM32\dhcpcsvc.DLL
0x00007fff7e880000 - 0x00007fff7e88d000 	C:\Program Files\Java\jdk-11.0.10\bin\sunmscapi.dll
0x00007fff91600000 - 0x00007fff9175f000 	C:\WINDOWS\System32\CRYPT32.dll
0x00007fff90f20000 - 0x00007fff90f47000 	C:\WINDOWS\SYSTEM32\ncrypt.dll
0x00007fff90ee0000 - 0x00007fff90f1b000 	C:\WINDOWS\SYSTEM32\NTASN1.dll
0x00007fff7e770000 - 0x00007fff7e795000 	C:\Program Files\Java\jdk-11.0.10\bin\sunec.dll

dbghelp: loaded successfully - version: 4.0.5 - missing functions: none
symbol engine: initialized successfully - sym options: 0x614 - pdb path: .;C:\Program Files\Java\jdk-11.0.10\bin;C:\WINDOWS\SYSTEM32;C:\WINDOWS\WinSxS\amd64_microsoft.windows.common-controls_6595b64144ccf1df_6.0.19041.844_none_ca00b6081b84eb1d;C:\Program Files\Java\jdk-11.0.10\bin\server

VM Arguments:
jvm_args: -agentlib:jdwp=transport=dt_socket,suspend=y,address=localhost:51395 -ea -javaagent:C:\Users\sumit.soni\eclipse\java-2021-03\eclipse\configuration\org.eclipse.osgi\222\0\.cp\lib\javaagent-shaded.jar -Dfile.encoding=UTF-8 
java_command: org.eclipse.jdt.internal.junit.runner.RemoteTestRunner -version 3 -port 51394 -testLoaderClass org.eclipse.jdt.internal.junit4.runner.JUnit4TestLoader -loaderpluginname org.eclipse.jdt.junit4.runtime -classNames com.BlueBird.Runner.SequentialRunnerTest
java_class_path (initial): C:\Users\sumit.soni\git\VCucumber\VeridauCucumber1\target\test-classes;C:\Users\sumit.soni\git\VCucumber\VeridauCucumber1\target\classes;C:\Users\sumit.soni\.p2\pool\plugins\org.testng_7.3.0.r202008060316.jar;C:\Users\sumit.soni\.p2\pool\plugins\com.beust.jcommander_1.78.0.jar;C:\Users\sumit.soni\.p2\pool\plugins\org.apache-extras.beanshell.bsh_2.0.0.b6.jar;C:\Users\sumit.soni\.p2\pool\plugins\org.yaml.snakeyaml_1.21.0.jar;C:\Users\sumit.soni\.m2\repository\junit\junit\4.12\junit-4.12.jar;C:\Users\sumit.soni\.m2\repository\org\hamcrest\hamcrest-core\1.3\hamcrest-core-1.3.jar;C:\Users\sumit.soni\.m2\repository\info\cukes\cucumber-java\1.2.5\cucumber-java-1.2.5.jar;C:\Users\sumit.soni\.m2\repository\info\cukes\cucumber-junit\1.2.5\cucumber-junit-1.2.5.jar;C:\Users\sumit.soni\.m2\repository\info\cukes\cucumber-core\1.2.5\cucumber-core-1.2.5.jar;C:\Users\sumit.soni\.m2\repository\info\cukes\cucumber-html\0.2.3\cucumber-html-0.2.3.jar;C:\Users\sumit.soni\.m2\repository\info\cukes\cucumber-jvm-deps\1.0.5\cucumber-jvm-deps-1.0.5.jar;C:\Users\sumit.soni\.m2\repository\info\cukes\gherkin\2.12.2\gherkin-2.12.2.jar;C:\Users\sumit.soni\.m2\repository\info\cukes\cucumber-picocontainer\1.2.5\cucumber-picocontainer-1.2.5.jar;C:\Users\sumit.soni\.m2\repository\org\picocontainer\picocontainer\2.15\picocontainer-2.15.jar;C:\Users\sumit.soni\.m2\repository\org\seleniumhq\selenium\selenium-java\3.0.1\selenium-java-3.0.1.jar;C:\Users\sumit.soni\.m2\repository\org\seleniumhq\selenium\selenium-chrome-driver\3.0.1\selenium-chrome-driver-3.0.1.jar;C:\Users\sumit.soni\.m2\repository\org\seleniumhq\selenium\selenium-edge-driver\3.0.1\selenium-edge-driver-3.0.1.jar;C:\Users\sumit.soni\.m2\repository\org\seleniumhq\selenium\selenium-ie-driver\3.0.1\selenium-ie-driver-3.0.1.jar;C:\Users\sumit.soni\.m2\repository\org\seleniumhq\selenium\selenium-opera-driver\3.0.1\selenium-opera-driver-3.0.1.jar;C:\Users\sumit.soni\.m2\repository\org\seleniumhq\selenium\selenium-safar
Launcher Type: SUN_STANDARD

[Global flags]
     intx CICompilerCount                          = 3                                         {product} {ergonomic}
     uint ConcGCThreads                            = 1                                         {product} {ergonomic}
     uint G1ConcRefinementThreads                  = 4                                         {product} {ergonomic}
   size_t G1HeapRegionSize                         = 1048576                                   {product} {ergonomic}
    uintx GCDrainStackTargetSize                   = 64                                        {product} {ergonomic}
   size_t InitialHeapSize                          = 134217728                                 {product} {ergonomic}
   size_t MarkStackSize                            = 4194304                                   {product} {ergonomic}
   size_t MaxHeapSize                              = 2118123520                                {product} {ergonomic}
   size_t MaxNewSize                               = 1270874112                                {product} {ergonomic}
   size_t MinHeapDeltaBytes                        = 1048576                                   {product} {ergonomic}
    uintx NonNMethodCodeHeapSize                   = 5830732                                {pd product} {ergonomic}
    uintx NonProfiledCodeHeapSize                  = 122913754                              {pd product} {ergonomic}
    uintx ProfiledCodeHeapSize                     = 122913754                              {pd product} {ergonomic}
    uintx ReservedCodeCacheSize                    = 251658240                              {pd product} {ergonomic}
     bool SegmentedCodeCache                       = true                                      {product} {ergonomic}
     bool UseCompressedClassPointers               = true                                 {lp64_product} {ergonomic}
     bool UseCompressedOops                        = true                                 {lp64_product} {ergonomic}
     bool UseG1GC                                  = true                                      {product} {ergonomic}
     bool UseLargePagesIndividualAllocation        = false                                  {pd product} {ergonomic}

Logging:
Log output configuration:
 #0: stdout all=warning uptime,level,tags
 #1: stderr all=off uptime,level,tags

Environment Variables:
JAVA_HOME=C:\Program Files\Java\jdk-11.0.10
PATH=C:\Program Files\Common Files\Oracle\Java\javapath;C:\Program Files (x86)\Common Files\Oracle\Java\javapath;C:\WINDOWS\system32;C:\WINDOWS;C:\WINDOWS\System32\Wbem;C:\WINDOWS\System32\WindowsPowerShell\v1.0\;E:\apache-maven-3.6.3-bin\apache-maven-3.6.3\bin;C:\Program Files\Java\jdk-11.0.10\bin;C:\Program Files (x86)\GitExtensions\;C:\Program Files\Git\cmd;C:\apache-maven-3.6.3\bin;C:\allure-2.13.5\bin;C:\WINDOWS\System32\OpenSSH\;C:\Program Files\nodejs\;C:\Android\platform-tools;C:\gaitling\gatling-charts-highcharts-bundle-3.5.1\bin;C:\Users\sumit.soni\AppData\Local\Microsoft\WindowsApps;C:\Program Files (x86)\Sophos\Sophos SSL VPN Client\bin;C:\Users\sumit.soni\AppData\Local\GitHubDesktop\bin;C:\Users\sumit.soni\AppData\Roaming\npm;C:\Users\sumit.soni\AppData\Local\Programs\Microsoft VS Code\bin
USERNAME=sumit.soni
OS=Windows_NT
PROCESSOR_IDENTIFIER=Intel64 Family 6 Model 158 Stepping 9, GenuineIntel



---------------  S Y S T E M  ---------------

OS: Windows 10 , 64 bit Build 19041 (10.0.19041.804)

CPU:total 4 (initial active 4) (4 cores per cpu, 1 threads per core) family 6 model 158 stepping 9 microcode 0xde, cmov, cx8, fxsr, mmx, sse, sse2, sse3, ssse3, sse4.1, sse4.2, popcnt, avx, avx2, aes, clmul, erms, 3dnowpref, lzcnt, tsc, tscinvbit, bmi1, bmi2, adx, fma

Memory: 4k page, system-wide physical 8078M (1370M free)
TotalPageFile size 16270M (AvailPageFile size 6062M)
current process WorkingSet (physical memory assigned to process): 127M, peak: 195M
current process commit charge ("private bytes"): 245M, peak: 300M

vm_info: Java HotSpot(TM) 64-Bit Server VM (11.0.10+8-LTS-162) for windows-amd64 JRE (11.0.10+8-LTS-162), built on Dec  8 2020 16:32:57 by "mach5one" with MS VC++ 15.9 (VS2017)

END.
